<?xml version="1.0" encoding="UTF-8" ?>
<testsuite tests="4" failures="0" name="com.example.activity.MainActivityTest" time="7.966" errors="0" skipped="0">
  <properties>
    <property name="idea.version" value="13.1.5"/>
    <property name="java.runtime.name" value="Java(TM) SE Runtime Environment"/>
    <property name="sun.boot.library.path" value="/opt/jdk1.8.0_20/jre/lib/amd64"/>
    <property name="java.vm.version" value="25.20-b23"/>
    <property name="java.vm.vendor" value="Oracle Corporation"/>
    <property name="java.vendor.url" value="http://java.oracle.com/"/>
    <property name="path.separator" value=":"/>
    <property name="java.vm.name" value="Java HotSpot(TM) 64-Bit Server VM"/>
    <property name="file.encoding.pkg" value="sun.io"/>
    <property name="user.country" value="US"/>
    <property name="sun.java.launcher" value="SUN_STANDARD"/>
    <property name="sun.os.patch.level" value="unknown"/>
    <property name="java.vm.specification.name" value="Java Virtual Machine Specification"/>
    <property name="user.dir" value="/root/cours/Robolectric-V-V"/>
    <property name="java.runtime.version" value="1.8.0_20-b26"/>
    <property name="java.awt.graphicsenv" value="sun.awt.X11GraphicsEnvironment"/>
    <property name="basedir" value="/root/cours/Robolectric-V-V"/>
    <property name="java.endorsed.dirs" value="/opt/jdk1.8.0_20/jre/lib/endorsed"/>
    <property name="os.arch" value="amd64"/>
    <property name="surefire.real.class.path" value="/tmp/surefirebooter3032816856979815649.jar"/>
    <property name="java.io.tmpdir" value="/tmp"/>
    <property name="line.separator" value="
"/>
    <property name="java.vm.specification.vendor" value="Oracle Corporation"/>
    <property name="os.name" value="Linux"/>
    <property name="sun.jnu.encoding" value="UTF-8"/>
    <property name="java.library.path" value="/opt/idea-IU-135.1289/bin::/usr/java/packages/lib/amd64:/usr/lib64:/lib64:/lib:/usr/lib"/>
    <property name="surefire.test.class.path" value="/root/cours/Robolectric-V-V/target/test-classes:/root/cours/Robolectric-V-V/target/classes:/root/.m2/repository/junit/junit/4.8.2/junit-4.8.2.jar:/root/.m2/repository/org/robolectric/robolectric/2.3/robolectric-2.3.jar:/root/.m2/repository/org/objenesis/objenesis/1.3/objenesis-1.3.jar:/root/.m2/repository/com/almworks/sqlite4java/sqlite4java/0.282/sqlite4java-0.282.jar:/root/.m2/repository/org/ow2/asm/asm/5.0.1/asm-5.0.1.jar:/root/.m2/repository/org/ow2/asm/asm-commons/5.0.1/asm-commons-5.0.1.jar:/root/.m2/repository/org/ow2/asm/asm-tree/5.0.1/asm-tree-5.0.1.jar:/root/.m2/repository/org/ow2/asm/asm-util/5.0.1/asm-util-5.0.1.jar:/root/.m2/repository/org/ow2/asm/asm-analysis/5.0.1/asm-analysis-5.0.1.jar:/root/.m2/repository/commons-logging/commons-logging/1.1.1/commons-logging-1.1.1.jar:/root/.m2/repository/commons-codec/commons-codec/1.3/commons-codec-1.3.jar:/root/.m2/repository/org/apache/httpcomponents/httpclient/4.0.3/httpclient-4.0.3.jar:/root/.m2/repository/org/apache/httpcomponents/httpcore/4.0.1/httpcore-4.0.1.jar:/root/.m2/repository/com/ximpleware/vtd-xml/2.11/vtd-xml-2.11.jar:/root/.m2/repository/com/android/support/support-v4/19.0.1/support-v4-19.0.1.jar:/root/.m2/repository/org/easytesting/fest-util/1.2.5/fest-util-1.2.5.jar:/root/.m2/repository/org/easytesting/fest-reflect/1.4.1/fest-reflect-1.4.1.jar:/root/.m2/repository/org/apache/maven/maven-ant-tasks/2.1.3/maven-ant-tasks-2.1.3.jar:/root/.m2/repository/org/apache/ant/ant/1.8.0/ant-1.8.0.jar:/root/.m2/repository/org/apache/ant/ant-launcher/1.8.0/ant-launcher-1.8.0.jar:/root/.m2/repository/classworlds/classworlds/1.1-alpha-2/classworlds-1.1-alpha-2.jar:/root/.m2/repository/org/codehaus/plexus/plexus-container-default/1.0-alpha-9-stable-1/plexus-container-default-1.0-alpha-9-stable-1.jar:/root/.m2/repository/org/codehaus/plexus/plexus-utils/1.5.15/plexus-utils-1.5.15.jar:/root/.m2/repository/org/codehaus/plexus/plexus-interpolation/1.11/plexus-interpolation-1.11.jar:/root/.m2/repository/org/apache/maven/maven-artifact/2.2.1/maven-artifact-2.2.1.jar:/root/.m2/repository/org/apache/maven/maven-artifact-manager/2.2.1/maven-artifact-manager-2.2.1.jar:/root/.m2/repository/org/apache/maven/maven-repository-metadata/2.2.1/maven-repository-metadata-2.2.1.jar:/root/.m2/repository/backport-util-concurrent/backport-util-concurrent/3.1/backport-util-concurrent-3.1.jar:/root/.m2/repository/org/apache/maven/maven-model/2.2.1/maven-model-2.2.1.jar:/root/.m2/repository/org/apache/maven/maven-project/2.2.1/maven-project-2.2.1.jar:/root/.m2/repository/org/apache/maven/maven-profile/2.2.1/maven-profile-2.2.1.jar:/root/.m2/repository/org/apache/maven/maven-plugin-registry/2.2.1/maven-plugin-registry-2.2.1.jar:/root/.m2/repository/org/apache/maven/maven-error-diagnostics/2.2.1/maven-error-diagnostics-2.2.1.jar:/root/.m2/repository/org/apache/maven/maven-settings/2.2.1/maven-settings-2.2.1.jar:/root/.m2/repository/org/apache/maven/wagon/wagon-file/1.0-beta-6/wagon-file-1.0-beta-6.jar:/root/.m2/repository/org/apache/maven/wagon/wagon-http-lightweight/1.0-beta-6/wagon-http-lightweight-1.0-beta-6.jar:/root/.m2/repository/org/apache/maven/wagon/wagon-http-shared/1.0-beta-6/wagon-http-shared-1.0-beta-6.jar:/root/.m2/repository/nekohtml/xercesMinimal/1.9.6.2/xercesMinimal-1.9.6.2.jar:/root/.m2/repository/nekohtml/nekohtml/1.9.6.2/nekohtml-1.9.6.2.jar:/root/.m2/repository/org/apache/maven/wagon/wagon-provider-api/1.0-beta-6/wagon-provider-api-1.0-beta-6.jar:/root/.m2/repository/android/android/4.3.1_r3/android-4.3.1_r3.jar:"/>
    <property name="java.specification.name" value="Java Platform API Specification"/>
    <property name="java.class.version" value="52.0"/>
    <property name="sun.management.compiler" value="HotSpot 64-Bit Tiered Compilers"/>
    <property name="os.version" value="3.13.0-37-generic"/>
    <property name="user.home" value="/root"/>
    <property name="user.timezone" value="Europe/Paris"/>
    <property name="java.awt.printerjob" value="sun.print.PSPrinterJob"/>
    <property name="java.specification.version" value="1.8"/>
    <property name="file.encoding" value="UTF-8"/>
    <property name="user.name" value="root"/>
    <property name="java.class.path" value="/root/cours/Robolectric-V-V/target/test-classes:/root/cours/Robolectric-V-V/target/classes:/root/.m2/repository/junit/junit/4.8.2/junit-4.8.2.jar:/root/.m2/repository/org/robolectric/robolectric/2.3/robolectric-2.3.jar:/root/.m2/repository/org/objenesis/objenesis/1.3/objenesis-1.3.jar:/root/.m2/repository/com/almworks/sqlite4java/sqlite4java/0.282/sqlite4java-0.282.jar:/root/.m2/repository/org/ow2/asm/asm/5.0.1/asm-5.0.1.jar:/root/.m2/repository/org/ow2/asm/asm-commons/5.0.1/asm-commons-5.0.1.jar:/root/.m2/repository/org/ow2/asm/asm-tree/5.0.1/asm-tree-5.0.1.jar:/root/.m2/repository/org/ow2/asm/asm-util/5.0.1/asm-util-5.0.1.jar:/root/.m2/repository/org/ow2/asm/asm-analysis/5.0.1/asm-analysis-5.0.1.jar:/root/.m2/repository/commons-logging/commons-logging/1.1.1/commons-logging-1.1.1.jar:/root/.m2/repository/commons-codec/commons-codec/1.3/commons-codec-1.3.jar:/root/.m2/repository/org/apache/httpcomponents/httpclient/4.0.3/httpclient-4.0.3.jar:/root/.m2/repository/org/apache/httpcomponents/httpcore/4.0.1/httpcore-4.0.1.jar:/root/.m2/repository/com/ximpleware/vtd-xml/2.11/vtd-xml-2.11.jar:/root/.m2/repository/com/android/support/support-v4/19.0.1/support-v4-19.0.1.jar:/root/.m2/repository/org/easytesting/fest-util/1.2.5/fest-util-1.2.5.jar:/root/.m2/repository/org/easytesting/fest-reflect/1.4.1/fest-reflect-1.4.1.jar:/root/.m2/repository/org/apache/maven/maven-ant-tasks/2.1.3/maven-ant-tasks-2.1.3.jar:/root/.m2/repository/org/apache/ant/ant/1.8.0/ant-1.8.0.jar:/root/.m2/repository/org/apache/ant/ant-launcher/1.8.0/ant-launcher-1.8.0.jar:/root/.m2/repository/classworlds/classworlds/1.1-alpha-2/classworlds-1.1-alpha-2.jar:/root/.m2/repository/org/codehaus/plexus/plexus-container-default/1.0-alpha-9-stable-1/plexus-container-default-1.0-alpha-9-stable-1.jar:/root/.m2/repository/org/codehaus/plexus/plexus-utils/1.5.15/plexus-utils-1.5.15.jar:/root/.m2/repository/org/codehaus/plexus/plexus-interpolation/1.11/plexus-interpolation-1.11.jar:/root/.m2/repository/org/apache/maven/maven-artifact/2.2.1/maven-artifact-2.2.1.jar:/root/.m2/repository/org/apache/maven/maven-artifact-manager/2.2.1/maven-artifact-manager-2.2.1.jar:/root/.m2/repository/org/apache/maven/maven-repository-metadata/2.2.1/maven-repository-metadata-2.2.1.jar:/root/.m2/repository/backport-util-concurrent/backport-util-concurrent/3.1/backport-util-concurrent-3.1.jar:/root/.m2/repository/org/apache/maven/maven-model/2.2.1/maven-model-2.2.1.jar:/root/.m2/repository/org/apache/maven/maven-project/2.2.1/maven-project-2.2.1.jar:/root/.m2/repository/org/apache/maven/maven-profile/2.2.1/maven-profile-2.2.1.jar:/root/.m2/repository/org/apache/maven/maven-plugin-registry/2.2.1/maven-plugin-registry-2.2.1.jar:/root/.m2/repository/org/apache/maven/maven-error-diagnostics/2.2.1/maven-error-diagnostics-2.2.1.jar:/root/.m2/repository/org/apache/maven/maven-settings/2.2.1/maven-settings-2.2.1.jar:/root/.m2/repository/org/apache/maven/wagon/wagon-file/1.0-beta-6/wagon-file-1.0-beta-6.jar:/root/.m2/repository/org/apache/maven/wagon/wagon-http-lightweight/1.0-beta-6/wagon-http-lightweight-1.0-beta-6.jar:/root/.m2/repository/org/apache/maven/wagon/wagon-http-shared/1.0-beta-6/wagon-http-shared-1.0-beta-6.jar:/root/.m2/repository/nekohtml/xercesMinimal/1.9.6.2/xercesMinimal-1.9.6.2.jar:/root/.m2/repository/nekohtml/nekohtml/1.9.6.2/nekohtml-1.9.6.2.jar:/root/.m2/repository/org/apache/maven/wagon/wagon-provider-api/1.0-beta-6/wagon-provider-api-1.0-beta-6.jar:/root/.m2/repository/android/android/4.3.1_r3/android-4.3.1_r3.jar:"/>
    <property name="java.vm.specification.version" value="1.8"/>
    <property name="sun.arch.data.model" value="64"/>
    <property name="java.home" value="/opt/jdk1.8.0_20/jre"/>
    <property name="sun.java.command" value="/tmp/surefirebooter3032816856979815649.jar /tmp/surefire7593703095584175163tmp /tmp/surefire5207904634715674777tmp"/>
    <property name="java.specification.vendor" value="Oracle Corporation"/>
    <property name="user.language" value="en"/>
    <property name="awt.toolkit" value="sun.awt.X11.XToolkit"/>
    <property name="java.vm.info" value="mixed mode"/>
    <property name="java.version" value="1.8.0_20"/>
    <property name="java.ext.dirs" value="/opt/jdk1.8.0_20/jre/lib/ext:/usr/java/packages/lib/ext"/>
    <property name="sun.boot.class.path" value="/opt/jdk1.8.0_20/jre/lib/resources.jar:/opt/jdk1.8.0_20/jre/lib/rt.jar:/opt/jdk1.8.0_20/jre/lib/sunrsasign.jar:/opt/jdk1.8.0_20/jre/lib/jsse.jar:/opt/jdk1.8.0_20/jre/lib/jce.jar:/opt/jdk1.8.0_20/jre/lib/charsets.jar:/opt/jdk1.8.0_20/jre/lib/jfr.jar:/opt/jdk1.8.0_20/jre/classes"/>
    <property name="java.vendor" value="Oracle Corporation"/>
    <property name="localRepository" value="/root/.m2/repository"/>
    <property name="file.separator" value="/"/>
    <property name="java.vendor.url.bug" value="http://bugreport.sun.com/bugreport/"/>
    <property name="sun.cpu.endian" value="little"/>
    <property name="sun.io.unicode.encoding" value="UnicodeLittle"/>
    <property name="sun.font.fontmanager" value="sun.awt.X11FontManager"/>
    <property name="sun.desktop" value="gnome"/>
    <property name="sun.cpu.isalist" value=""/>
  </properties>
  <testcase classname="com.example.activity.MainActivityTest" name="loginEmptyError" time="6.788"/>
  <testcase classname="com.example.activity.MainActivityTest" name="loginError" time="0.386"/>
  <testcase classname="com.example.activity.MainActivityTest" name="loginSuccess" time="0.391"/>
  <testcase classname="com.example.activity.MainActivityTest" name="titleIsCorrect" time="0.311"/>
</testsuite>